<?xml version="1.0" encoding="UTF-8"?>
<testng-results ignored="0" total="2" passed="2" failed="0" skipped="0">
  <reporter-output>
  </reporter-output>
  <suite started-at="2023-09-26T11:57:56 IST" name="Default suite" finished-at="2023-09-26T11:58:52 IST" duration-ms="56643">
    <groups>
    </groups>
    <test started-at="2023-09-26T11:57:56 IST" name="Default test" finished-at="2023-09-26T11:58:52 IST" duration-ms="56643">
      <class name="Module1_TestClass.Adactin_testClass">
        <test-method is-config="true" signature="OpenBrowser()[pri:0, instance:Module1_TestClass.Adactin_testClass@1ca3b418]" started-at="2023-09-26T11:57:56 IST" name="OpenBrowser" finished-at="2023-09-26T11:58:31 IST" duration-ms="35120" status="PASS">
          <reporter-output>
          </reporter-output>
        </test-method> <!-- OpenBrowser -->
        <test-method is-config="true" signature="LoginToAPP()[pri:0, instance:Module1_TestClass.Adactin_testClass@1ca3b418]" started-at="2023-09-26T11:58:31 IST" name="LoginToAPP" finished-at="2023-09-26T11:58:37 IST" duration-ms="5922" status="PASS">
          <reporter-output>
          </reporter-output>
        </test-method> <!-- LoginToAPP -->
        <test-method signature="VerifyTitle()[pri:1, instance:Module1_TestClass.Adactin_testClass@1ca3b418]" started-at="2023-09-26T11:58:37 IST" name="VerifyTitle" finished-at="2023-09-26T11:58:41 IST" duration-ms="4149" status="PASS">
          <reporter-output>
          </reporter-output>
        </test-method> <!-- VerifyTitle -->
        <test-method is-config="true" signature="LogOutFromeApp(org.testng.ITestResult)[pri:0, instance:Module1_TestClass.Adactin_testClass@1ca3b418]" started-at="2023-09-26T11:58:41 IST" name="LogOutFromeApp" finished-at="2023-09-26T11:58:43 IST" duration-ms="1751" status="PASS">
          <params>
            <param index="0">
              <value>
                <![CDATA[[TestResult name=VerifyTitle status=SUCCESS method=Adactin_testClass.VerifyTitle()[pri:1, instance:Module1_TestClass.Adactin_testClass@1ca3b418] output={null}]]]>
              </value>
            </param>
          </params>
          <reporter-output>
          </reporter-output>
        </test-method> <!-- LogOutFromeApp -->
        <test-method is-config="true" signature="LoginToAPP()[pri:0, instance:Module1_TestClass.Adactin_testClass@1ca3b418]" started-at="2023-09-26T11:58:43 IST" name="LoginToAPP" finished-at="2023-09-26T11:58:45 IST" duration-ms="2213" status="PASS">
          <reporter-output>
          </reporter-output>
        </test-method> <!-- LoginToAPP -->
        <test-method signature="VerifyUsername()[pri:2, instance:Module1_TestClass.Adactin_testClass@1ca3b418]" started-at="2023-09-26T11:58:45 IST" name="VerifyUsername" finished-at="2023-09-26T11:58:46 IST" duration-ms="912" status="PASS">
          <reporter-output>
          </reporter-output>
        </test-method> <!-- VerifyUsername -->
        <test-method is-config="true" signature="LogOutFromeApp(org.testng.ITestResult)[pri:0, instance:Module1_TestClass.Adactin_testClass@1ca3b418]" started-at="2023-09-26T11:58:46 IST" name="LogOutFromeApp" finished-at="2023-09-26T11:58:50 IST" duration-ms="3781" status="PASS">
          <params>
            <param index="0">
              <value>
                <![CDATA[[TestResult name=VerifyUsername status=SUCCESS method=Adactin_testClass.VerifyUsername()[pri:2, instance:Module1_TestClass.Adactin_testClass@1ca3b418] output={null}]]]>
              </value>
            </param>
          </params>
          <reporter-output>
          </reporter-output>
        </test-method> <!-- LogOutFromeApp -->
        <test-method is-config="true" signature="closeBrowser()[pri:0, instance:Module1_TestClass.Adactin_testClass@1ca3b418]" started-at="2023-09-26T11:58:50 IST" name="closeBrowser" finished-at="2023-09-26T11:58:52 IST" duration-ms="2630" status="PASS">
          <reporter-output>
          </reporter-output>
        </test-method> <!-- closeBrowser -->
      </class> <!-- Module1_TestClass.Adactin_testClass -->
    </test> <!-- Default test -->
  </suite> <!-- Default suite -->
</testng-results>
